<?xml version="1.0" encoding="UTF-8"?>
<!-- Generated by org.testng.reporters.JUnitXMLReporter -->
<testsuite ignored="4" hostname="CGLDLVD2XCM9FPW.local" failures="0" tests="2" name="JavaScript Alerts Test" time="16.613" errors="0" timestamp="2025-06-24T03:40:51 IST">
  <testcase classname="com.selenium.tests.JavaScriptAlertsTest" name="testJavaScriptConfirmAlertDismiss" time="7.775"/>
  <testcase classname="com.selenium.tests.CompareElementText" name="getTextOfElement" time="6.157"/>
  <testcase classname="com.selenium.tests.JavaScriptAlertsTest" name="testJavaScriptConfirmAlertWithCSS" time="0.0">
    <ignored/>
  </testcase> <!-- testJavaScriptConfirmAlertWithCSS -->
  <testcase classname="com.selenium.tests.JavaScriptAlertsTest" name="testJavaScriptAlertAccept" time="0.0">
    <ignored/>
  </testcase> <!-- testJavaScriptAlertAccept -->
  <testcase classname="com.selenium.tests.JavaScriptAlertsTest" name="testPageElementsPresence" time="0.0">
    <ignored/>
  </testcase> <!-- testPageElementsPresence -->
  <testcase classname="com.selenium.tests.JavaScriptAlertsTest" name="testJavaScriptConfirmAlertAccept" time="0.0">
    <ignored/>
  </testcase> <!-- testJavaScriptConfirmAlertAccept -->
</testsuite> <!-- JavaScript Alerts Test -->
