<?xml version="1.0" encoding="UTF-8"?>
<testng-results ignored="0" total="2" passed="2" failed="0" skipped="0">
  <reporter-output>
  </reporter-output>
  <suite started-at="2025-06-24T03:40:34 IST" name="Selenium Alert Management Suite" finished-at="2025-06-24T03:40:51 IST" duration-ms="16613">
    <groups>
    </groups>
    <test started-at="2025-06-24T03:40:34 IST" name="JavaScript Alerts Test" finished-at="2025-06-24T03:40:51 IST" duration-ms="16613">
      <class name="com.selenium.tests.CompareElementText">
        <test-method is-config="true" signature="setUp()[pri:0, instance:com.selenium.tests.CompareElementText@53ac845a]" started-at="2025-06-24T03:40:44 IST" name="setUp" finished-at="2025-06-24T03:40:44 IST" duration-ms="762" status="PASS">
          <reporter-output>
          </reporter-output>
        </test-method> <!-- setUp -->
        <test-method signature="getTextOfElement()[pri:0, instance:com.selenium.tests.CompareElementText@53ac845a]" started-at="2025-06-24T03:40:44 IST" name="getTextOfElement" finished-at="2025-06-24T03:40:51 IST" duration-ms="6157" status="PASS">
          <reporter-output>
          </reporter-output>
        </test-method> <!-- getTextOfElement -->
        <test-method is-config="true" signature="tearDown(org.testng.ITestResult)[pri:0, instance:com.selenium.tests.CompareElementText@53ac845a]" started-at="2025-06-24T03:40:51 IST" name="tearDown" finished-at="2025-06-24T03:40:51 IST" duration-ms="113" status="PASS">
          <params>
            <param index="0">
              <value>
                <![CDATA[[TestResult name=getTextOfElement status=SUCCESS method=CompareElementText.getTextOfElement()[pri:0, instance:com.selenium.tests.CompareElementText@53ac845a] output={null}]]]>
              </value>
            </param>
          </params>
          <reporter-output>
          </reporter-output>
        </test-method> <!-- tearDown -->
      </class> <!-- com.selenium.tests.CompareElementText -->
      <class name="com.selenium.tests.JavaScriptAlertsTest">
        <test-method is-config="true" signature="setUp()[pri:0, instance:com.selenium.tests.JavaScriptAlertsTest@38704ff0]" started-at="2025-06-24T03:40:34 IST" name="setUp" finished-at="2025-06-24T03:40:36 IST" duration-ms="1568" status="PASS">
          <reporter-output>
          </reporter-output>
        </test-method> <!-- setUp -->
        <test-method signature="testJavaScriptConfirmAlertDismiss()[pri:0, instance:com.selenium.tests.JavaScriptAlertsTest@38704ff0]" started-at="2025-06-24T03:40:36 IST" name="testJavaScriptConfirmAlertDismiss" description="Test JavaScript Confirm Alert with Dismiss" finished-at="2025-06-24T03:40:43 IST" duration-ms="7775" status="PASS">
          <reporter-output>
          </reporter-output>
        </test-method> <!-- testJavaScriptConfirmAlertDismiss -->
        <test-method is-config="true" signature="tearDown(org.testng.ITestResult)[pri:0, instance:com.selenium.tests.JavaScriptAlertsTest@38704ff0]" started-at="2025-06-24T03:40:43 IST" name="tearDown" finished-at="2025-06-24T03:40:44 IST" duration-ms="133" status="PASS">
          <params>
            <param index="0">
              <value>
                <![CDATA[[TestResult name=testJavaScriptConfirmAlertDismiss status=SUCCESS method=JavaScriptAlertsTest.testJavaScriptConfirmAlertDismiss()[pri:0, instance:com.selenium.tests.JavaScriptAlertsTest@38704ff0] output={null}]]]>
              </value>
            </param>
          </params>
          <reporter-output>
          </reporter-output>
        </test-method> <!-- tearDown -->
      </class> <!-- com.selenium.tests.JavaScriptAlertsTest -->
    </test> <!-- JavaScript Alerts Test -->
  </suite> <!-- Selenium Alert Management Suite -->
</testng-results>
